
In toplevel form:
git-rebase.el:70:1:Error: Searching for program: No such file or directory, git

In toplevel form:
magit-apply.el:33:1:Error: Searching for program: No such file or directory, git

In toplevel form:
magit-autorevert.el:29:1:Error: Searching for program: No such file or directory, git

In toplevel form:
magit-bisect.el:30:1:Error: Searching for program: No such file or directory, git

In toplevel form:
magit-blame.el:31:1:Error: Searching for program: No such file or directory, git

In toplevel form:
magit-commit.el:32:1:Error: Searching for program: No such file or directory, git

In toplevel form:
magit-core.el:35:1:Error: Searching for program: No such file or directory, git

In toplevel form:
magit-diff.el:32:1:Error: Searching for program: No such file or directory, git

In toplevel form:
magit-ediff.el:30:1:Error: Searching for program: No such file or directory, git

In toplevel form:
magit-extras.el:27:1:Error: Searching for program: No such file or directory, git

In toplevel form:
magit-log.el:32:1:Error: Searching for program: No such file or directory, git

In toplevel form:
magit-mode.el:36:1:Error: Searching for program: No such file or directory, git

In toplevel form:
magit-process.el:40:1:Error: Searching for program: No such file or directory, git

In toplevel form:
magit-remote.el:32:1:Error: Searching for program: No such file or directory, git

In toplevel form:
magit-sequence.el:32:1:Error: Searching for program: No such file or directory, git

In toplevel form:
magit-stash.el:30:1:Error: Searching for program: No such file or directory, git

In toplevel form:
magit-submodule.el:26:1:Error: Searching for program: No such file or directory, git

In toplevel form:
magit-subtree.el:26:1:Error: Searching for program: No such file or directory, git

In toplevel form:
magit-wip.el:33:1:Error: Searching for program: No such file or directory, git

In toplevel form:
magit.el:56:1:Error: Searching for program: No such file or directory, git
